
*** Starting uWSGI 2.0.18 (64bit) on [Mon May 18 16:42:21 2020] ***
compiled with version: 4.8.5 20150623 (Red Hat 4.8.5-39) on 15 May 2020 09:39:04
os: Linux-3.10.0-1062.9.1.el7.x86_64 #1 SMP Fri Dec 6 15:49:49 UTC 2019
nodename: VM_0_8_centos
machine: x86_64
clock source: unix
pcre jit disabled
detected number of CPU cores: 1
current working directory: /root/Documents/Fresh_market_online
detected binary path: /usr/local/anaconda3/envs/py36/bin/uwsgi
uWSGI running as root, you can use --uid/--gid/--chroot options
*** WARNING: you are running uWSGI as root !!! (use the --uid flag) *** 
chdir() to /root/Documents/Fresh_market_online/
your processes number limit is 7227
your memory page size is 4096 bytes
detected max file descriptor number: 100001
lock engine: pthread robust mutexes
thunder lock: disabled (you can enable it with --thunder-lock)
uWSGI http bound on :8010 fd 3
uwsgi socket 0 bound to TCP address 127.0.0.1:8001 fd 6
uWSGI running as root, you can use --uid/--gid/--chroot options
*** WARNING: you are running uWSGI as root !!! (use the --uid flag) *** 
Python version: 3.6.8 (default, Apr 22 2020, 21:27:54)  [GCC 4.8.5 20150623 (Red Hat 4.8.5-39)]
Python main interpreter initialized at 0x1b887d0
uWSGI running as root, you can use --uid/--gid/--chroot options
*** WARNING: you are running uWSGI as root !!! (use the --uid flag) *** 
python threads support enabled
your server socket listen backlog is limited to 100 connections
your mercy for graceful operations on workers is 60 seconds
mapped 416880 bytes (407 KB) for 8 cores
*** Operational MODE: preforking+threaded ***
WSGI app 0 (mountpoint='') ready in 0 seconds on interpreter 0x1b887d0 pid: 32351 (default app)
uWSGI running as root, you can use --uid/--gid/--chroot options
*** WARNING: you are running uWSGI as root !!! (use the --uid flag) *** 
*** uWSGI is running in multiple interpreter mode ***
spawned uWSGI master process (pid: 32351)
spawned uWSGI worker 1 (pid: 32356, cores: 2)
spawned uWSGI worker 2 (pid: 32357, cores: 2)
spawned uWSGI worker 3 (pid: 32358, cores: 2)
spawned uWSGI worker 4 (pid: 32359, cores: 2)
*** Stats server enabled on 127.0.0.1:9191 fd: 18 ***
spawned uWSGI http 1 (pid: 32360)
